<?xml version="1.0" encoding="UTF-8"?>
<!-- Generated by org.testng.reporters.JUnitXMLReporter -->
<testsuite hostname="acer-PC" ignored="0" name="Default test" tests="3" failures="0" timestamp="21 Nov 2017 01:59:04 GMT" time="63.493" errors="0">
  <testcase name="SendProcedure" time="62.385" classname="com.hybrid.testcases.SendMail"/>
  <testcase name="SendProcedure" time="0.006" classname="com.hybrid.testcases.SendMail">
    <skipped/>
  </testcase> <!-- SendProcedure -->
  <testcase name="SendProcedure" time="0.008" classname="com.hybrid.testcases.SendMail">
    <skipped/>
  </testcase> <!-- SendProcedure -->
</testsuite> <!-- Default test -->
