<?xml version="1.0" encoding="UTF-8"?>
<!-- Generated by org.testng.reporters.JUnitXMLReporter -->
<testsuite hostname="acer-PC" ignored="0" name="SendMailTest" tests="4" failures="0" timestamp="23 Nov 2017 01:30:22 GMT" time="91.152" errors="0">
  <testcase name="SendProcedure" time="0.033" classname="com.hybrid.testcases.SendMail">
    <skipped/>
  </testcase> <!-- SendProcedure -->
  <testcase name="SendProcedure" time="88.302" classname="com.hybrid.testcases.SendMail"/>
  <testcase name="SendProcedure" time="0.024" classname="com.hybrid.testcases.SendMail">
    <skipped/>
  </testcase> <!-- SendProcedure -->
  <testcase name="SendProcedure" time="0.012" classname="com.hybrid.testcases.SendMail">
    <skipped/>
  </testcase> <!-- SendProcedure -->
</testsuite> <!-- SendMailTest -->
